<?xml version="1.0" encoding="UTF-8"?>
<!-- Generated by org.testng.reporters.JUnitXMLReporter -->
<testsuite hostname="Hiren" ignored="9" name="Sanity Test" tests="3" failures="0" timestamp="2022-12-11T19:21:45 GMT" time="14.306" errors="0">
  <testcase name="verifyUserShouldNavigateToLoginPageSuccessfully" time="1.047" classname="com.nopcommerce.demo.testsuite.LoginTest"/>
  <testcase name="UserShouldNavigateToRegisterPageSuccessfully" time="1.01" classname="com.nopcommerce.demo.testsuite.RegisterTest"/>
  <testcase name="userShouldNavigateToComputerPageSuccessfully" time="1.019" classname="com.nopcommerce.demo.testsuite.TopMenuTest"/>
  <testcase name="userShouldNavigateToBooksPageSuccessfully" time="0.0" classname="com.nopcommerce.demo.testsuite.TopMenuTest">
    <ignored/>
  </testcase> <!-- userShouldNavigateToBooksPageSuccessfully -->
  <testcase name="userShouldNavigateToApparelPageSuccessfull" time="0.0" classname="com.nopcommerce.demo.testsuite.TopMenuTest">
    <ignored/>
  </testcase> <!-- userShouldNavigateToApparelPageSuccessfull -->
  <testcase name="userSholdRegisterAccountSuccessfully" time="0.0" classname="com.nopcommerce.demo.testsuite.RegisterTest">
    <ignored/>
  </testcase> <!-- userSholdRegisterAccountSuccessfully -->
  <testcase name="userShouldNavigateToGiftCardsPageSuccessfull" time="0.0" classname="com.nopcommerce.demo.testsuite.TopMenuTest">
    <ignored/>
  </testcase> <!-- userShouldNavigateToGiftCardsPageSuccessfull -->
  <testcase name="userShouldNavigateToJewelryPageSuccessfully" time="0.0" classname="com.nopcommerce.demo.testsuite.TopMenuTest">
    <ignored/>
  </testcase> <!-- userShouldNavigateToJewelryPageSuccessfully -->
  <testcase name="userShouldNavigateToDigitalDownloadsPageSuccessfull" time="0.0" classname="com.nopcommerce.demo.testsuite.TopMenuTest">
    <ignored/>
  </testcase> <!-- userShouldNavigateToDigitalDownloadsPageSuccessfull -->
  <testcase name="userShouldLoginSuccessfullyWithValidCredentials" time="0.0" classname="com.nopcommerce.demo.testsuite.LoginTest">
    <ignored/>
  </testcase> <!-- userShouldLoginSuccessfullyWithValidCredentials -->
  <testcase name="userShouldNavigateToElectronicsPageSuccessfully" time="0.0" classname="com.nopcommerce.demo.testsuite.TopMenuTest">
    <ignored/>
  </testcase> <!-- userShouldNavigateToElectronicsPageSuccessfully -->
  <testcase name="verifyErrorMessageWithInvalidCredentials" time="0.0" classname="com.nopcommerce.demo.testsuite.LoginTest">
    <ignored/>
  </testcase> <!-- verifyErrorMessageWithInvalidCredentials -->
</testsuite> <!-- Sanity Test -->
