<?xml version="1.0" encoding="UTF-8"?>
<testsuite name="Sanity Test"
           tests="2"
           failures="0"
           errors="0"
           skipped="0"
           time="3.179">
  <properties />
  
  
            <testcase name="userSholdRegisterAccountSuccessfully" time="2.667" classname="com.nopcommerce.demo.testsuite.RegisterTest" />
                <testcase name="UserShouldNavigateToRegisterPageSuccessfully" time="0.512" classname="com.nopcommerce.demo.testsuite.RegisterTest" />
      
</testsuite>
